|--- feature_3 <= -0.08
|   |--- feature_0 <= -0.10
|   |   |--- feature_1 <= -0.35
|   |   |   |--- class: 0
|   |   |--- feature_1 >  -0.35
|   |   |   |--- feature_4 <= -0.10
|   |   |   |   |--- feature_2 <= -0.24
|   |   |   |   |   |--- class: 0
|   |   |   |   |--- feature_2 >  -0.24
|   |   |   |   |   |--- class: 1
|   |   |   |--- feature_4 >  -0.10
|   |   |   |   |--- feature_0 <= -0.29
|   |   |   |   |   |--- class: 1
|   |   |   |   |--- feature_0 >  -0.29
|   |   |   |   |   |--- class: 0
|   |--- feature_0 >  -0.10
|   |   |--- feature_1 <= 0.26
|   |   |   |--- class: 0
|   |   |--- feature_1 >  0.26
|   |   |   |--- class: 0
|--- feature_3 >  -0.08
|   |--- feature_1 <= -0.34
|   |   |--- class: 0
|   |--- feature_1 >  -0.34
|   |   |--- feature_4 <= -0.10
|   |   |   |--- class: 0
|   |   |--- feature_4 >  -0.10
|   |   |   |--- class: 0
